<?xml version="1.0" encoding="UTF-8"?>
<!-- Generated by org.testng.reporters.JUnitReportReporter -->
<testsuite skipped="0" hostname="VICKY" name="ZestMoney.TestCases.Zest_MoneyAssignmentTest" tests="1" failures="0" timestamp="2020-03-17T15:42:02 IST" time="35.093" errors="0">
  <testcase name="ZestTest" time="35.093" classname="ZestMoney.TestCases.Zest_MoneyAssignmentTest"/>
</testsuite> <!-- ZestMoney.TestCases.Zest_MoneyAssignmentTest -->
