<?xml version="1.0" encoding="UTF-8"?>
<!-- Generated by org.testng.reporters.JUnitReportReporter -->
<testsuite hostname="DESKTOP-GFM0MKG" name="restAssuredTest.json_Request" tests="5" failures="0" timestamp="23 Sep 2019 11:43:46 GMT" time="4.733" errors="0">
  <testcase name="URL_json_Request_001" time="2.406" classname="restAssuredTest.json_Request"/>
  <testcase name="URL_json_Request_002" time="0.266" classname="restAssuredTest.json_Request"/>
  <testcase name="URL_json_Request_005" time="0.458" classname="restAssuredTest.json_Request"/>
  <testcase name="URL_json_Request_004" time="0.412" classname="restAssuredTest.json_Request"/>
  <testcase name="URL_json_Request_003" time="1.191" classname="restAssuredTest.json_Request"/>
</testsuite> <!-- restAssuredTest.json_Request -->
