<?xml version="1.0" encoding="UTF-8"?>
<!-- Generated by org.testng.reporters.JUnitReportReporter -->
<testsuite hostname="DESKTOP-GFM0MKG" name="restAssuredTest.delete_RequestTest" tests="1" failures="0" timestamp="23 Sep 2019 10:20:43 GMT" time="4.266" errors="0">
  <testcase name="URL_delete_Request" time="4.266" classname="restAssuredTest.delete_RequestTest"/>
</testsuite> <!-- restAssuredTest.delete_RequestTest -->
