<?xml version="1.0" encoding="UTF-8"?>
<!-- Generated by org.testng.reporters.JUnitReportReporter -->
<testsuite hostname="DESKTOP-GFM0MKG" name="TestRunner.browserStackRun" tests="1" failures="0" timestamp="22 Oct 2019 12:37:21 GMT" time="15.803" errors="0">
  <testcase name="crossBrowserTest" time="15.803" classname="TestRunner.browserStackRun"/>
</testsuite> <!-- TestRunner.browserStackRun -->
