<?xml version="1.0" encoding="UTF-8"?>
<!-- Generated by org.testng.reporters.JUnitReportReporter -->
<testsuite hostname="DESKTOP-GFM0MKG" name="TestRunner.chromeClass" tests="1" failures="0" timestamp="16 Oct 2019 12:29:31 GMT" time="8.729" errors="0">
  <testcase name="openChrome" time="8.729" classname="TestRunner.chromeClass"/>
</testsuite> <!-- TestRunner.chromeClass -->
