<?xml version="1.0" encoding="UTF-8"?>
<!-- Generated by org.testng.reporters.JUnitReportReporter -->
<testsuite hostname="DESKTOP-GFM0MKG" name="restAssuredTest.post_RequestTest" tests="1" failures="0" timestamp="23 Sep 2019 09:11:36 GMT" time="3.727" errors="0">
  <testcase name="URL_post_Requst" time="3.727" classname="restAssuredTest.post_RequestTest"/>
</testsuite> <!-- restAssuredTest.post_RequestTest -->
