<?xml version="1.0" encoding="UTF-8"?>
<!-- Generated by org.testng.reporters.JUnitReportReporter -->
<testsuite hostname="DESKTOP-GFM0MKG" name="TestRunner.browserStackRun" tests="1" failures="0" timestamp="24 Oct 2019 06:47:54 GMT" time="28.007" errors="0">
  <testcase name="crossBrowserTest" time="28.007" classname="TestRunner.browserStackRun"/>
</testsuite> <!-- TestRunner.browserStackRun -->
