<?xml version="1.0" encoding="UTF-8"?>
<!-- Generated by org.testng.reporters.JUnitReportReporter -->
<testsuite hostname="DESKTOP-GFM0MKG" name="restAssuredTest.put_RequestTest" tests="1" failures="0" timestamp="23 Sep 2019 09:40:04 GMT" time="3.340" errors="0">
  <testcase name="URL_post_Requst" time="3.340" classname="restAssuredTest.put_RequestTest"/>
</testsuite> <!-- restAssuredTest.put_RequestTest -->
