<?xml version="1.0" encoding="UTF-8"?>
<!-- Generated by org.testng.reporters.JUnitReportReporter -->
<testsuite hostname="DESKTOP-GFM0MKG" name="TestRunner.dockerBatClass" tests="2" failures="0" timestamp="21 Oct 2019 07:07:26 GMT" time="30.096" errors="0">
  <testcase name="start_Docker" time="15.055" classname="TestRunner.dockerBatClass"/>
  <testcase name="down_Docker" time="15.041" classname="TestRunner.dockerBatClass"/>
</testsuite> <!-- TestRunner.dockerBatClass -->
