<?xml version="1.0" encoding="UTF-8"?>
<!-- Generated by org.testng.reporters.JUnitReportReporter -->
<testsuite hostname="DESKTOP-GFM0MKG" name="TestRunner.dockerClass" tests="1" failures="0" timestamp="15 Oct 2019 12:06:39 GMT" time="4.139" errors="0">
  <testcase name="Game" time="4.139" classname="TestRunner.dockerClass"/>
</testsuite> <!-- TestRunner.dockerClass -->
