<?xml version="1.0" encoding="UTF-8"?>
<!-- Generated by org.testng.reporters.JUnitReportReporter -->
<testsuite hostname="DESKTOP-GFM0MKG" name="TestRunner.firefoxClass" tests="1" failures="0" timestamp="21 Oct 2019 07:15:48 GMT" time="18.863" errors="0">
  <testcase name="openFirefox" time="18.863" classname="TestRunner.firefoxClass"/>
</testsuite> <!-- TestRunner.firefoxClass -->
