<?xml version="1.0" encoding="UTF-8"?>
<!-- Generated by org.testng.reporters.JUnitReportReporter -->
<testsuite hostname="DESKTOP-GFM0MKG" name="TestRunner.firefoxClass" tests="1" failures="0" timestamp="16 Oct 2019 12:29:31 GMT" time="12.987" errors="0">
  <testcase name="openFirefox" time="12.987" classname="TestRunner.firefoxClass"/>
</testsuite> <!-- TestRunner.firefoxClass -->
