<?xml version="1.0" encoding="UTF-8"?>
<!-- Generated by org.testng.reporters.JUnitReportReporter -->
<testsuite hostname="VICKY" name="ZestMoney.TestCases.Zest_MoneyAssignmentTest" tests="1" failures="0" timestamp="16 Mar 2020 07:55:17 GMT" time="0.025" errors="0">
  <testcase name="ZestTest" time="0.025" classname="ZestMoney.TestCases.Zest_MoneyAssignmentTest"/>
</testsuite> <!-- ZestMoney.TestCases.Zest_MoneyAssignmentTest -->
